0 info it worked if it ends with ok
1 verbose cli [ '/usr/bin/node', '/usr/bin/npm', 'install' ]
2 info using npm@1.4.28
3 info using node@v0.10.37
4 verbose node symlink /usr/bin/node
5 warn package.json gigsterdesign@1.0.0 No repository field.
6 warn package.json gigsterdesign@1.0.0 No README data
7 verbose readDependencies using package.json deps
8 verbose install where, deps [ '/home/kristy/Documents/FT/gigstergo-mobile',
8 verbose install   [ 'gulp',
8 verbose install     'gulp-sass',
8 verbose install     'gulp-concat',
8 verbose install     'gulp-minify-css',
8 verbose install     'gulp-rename',
8 verbose install     'express',
8 verbose install     'mysql',
8 verbose install     'bower',
8 verbose install     'gulp-util',
8 verbose install     'shelljs' ] ]
9 info preinstall gigsterdesign@1.0.0
10 verbose readDependencies using package.json deps
11 verbose cache add [ 'gulp-util@^2.2.14', null ]
12 verbose cache add name=undefined spec="gulp-util@^2.2.14" args=["gulp-util@^2.2.14",null]
13 verbose parsed url { protocol: null,
13 verbose parsed url   slashes: null,
13 verbose parsed url   auth: null,
13 verbose parsed url   host: null,
13 verbose parsed url   port: null,
13 verbose parsed url   hostname: null,
13 verbose parsed url   hash: null,
13 verbose parsed url   search: null,
13 verbose parsed url   query: null,
13 verbose parsed url   pathname: 'gulp-util@^2.2.14',
13 verbose parsed url   path: 'gulp-util@^2.2.14',
13 verbose parsed url   href: 'gulp-util@^2.2.14' }
14 verbose cache add [ 'shelljs@^0.3.0', null ]
15 verbose cache add name=undefined spec="shelljs@^0.3.0" args=["shelljs@^0.3.0",null]
16 verbose parsed url { protocol: null,
16 verbose parsed url   slashes: null,
16 verbose parsed url   auth: null,
16 verbose parsed url   host: null,
16 verbose parsed url   port: null,
16 verbose parsed url   hostname: null,
16 verbose parsed url   hash: null,
16 verbose parsed url   search: null,
16 verbose parsed url   query: null,
16 verbose parsed url   pathname: 'shelljs@^0.3.0',
16 verbose parsed url   path: 'shelljs@^0.3.0',
16 verbose parsed url   href: 'shelljs@^0.3.0' }
17 verbose already installed skipping gulp@^3.5.6 /home/kristy/Documents/FT/gigstergo-mobile
18 verbose cache add name="gulp-util" spec="^2.2.14" args=["gulp-util","^2.2.14"]
19 verbose parsed url { protocol: null,
19 verbose parsed url   slashes: null,
19 verbose parsed url   auth: null,
19 verbose parsed url   host: null,
19 verbose parsed url   port: null,
19 verbose parsed url   hostname: null,
19 verbose parsed url   hash: null,
19 verbose parsed url   search: null,
19 verbose parsed url   query: null,
19 verbose parsed url   pathname: '^2.2.14',
19 verbose parsed url   path: '^2.2.14',
19 verbose parsed url   href: '^2.2.14' }
20 verbose addNamed [ 'gulp-util', '^2.2.14' ]
21 verbose addNamed [ null, '>=2.2.14-0 <3.0.0-0' ]
22 verbose cache add name="shelljs" spec="^0.3.0" args=["shelljs","^0.3.0"]
23 verbose parsed url { protocol: null,
23 verbose parsed url   slashes: null,
23 verbose parsed url   auth: null,
23 verbose parsed url   host: null,
23 verbose parsed url   port: null,
23 verbose parsed url   hostname: null,
23 verbose parsed url   hash: null,
23 verbose parsed url   search: null,
23 verbose parsed url   query: null,
23 verbose parsed url   pathname: '^0.3.0',
23 verbose parsed url   path: '^0.3.0',
23 verbose parsed url   href: '^0.3.0' }
24 verbose addNamed [ 'shelljs', '^0.3.0' ]
25 verbose addNamed [ null, '>=0.3.0-0 <0.4.0-0' ]
26 verbose already installed skipping gulp-sass@^0.7.1 /home/kristy/Documents/FT/gigstergo-mobile
27 silly lockFile e3e5f16b-gulp-util-2-2-14 gulp-util@^2.2.14
28 verbose lock gulp-util@^2.2.14 /home/kristy/.npm/e3e5f16b-gulp-util-2-2-14.lock
29 silly lockFile 1ddaa962-shelljs-0-3-0 shelljs@^0.3.0
30 verbose lock shelljs@^0.3.0 /home/kristy/.npm/1ddaa962-shelljs-0-3-0.lock
31 verbose already installed skipping gulp-concat@^2.2.0 /home/kristy/Documents/FT/gigstergo-mobile
32 verbose already installed skipping gulp-minify-css@^0.3.0 /home/kristy/Documents/FT/gigstergo-mobile
33 verbose already installed skipping gulp-rename@^1.2.0 /home/kristy/Documents/FT/gigstergo-mobile
34 verbose cache add [ 'express@^4.10.6', null ]
35 verbose cache add name=undefined spec="express@^4.10.6" args=["express@^4.10.6",null]
36 verbose parsed url { protocol: null,
36 verbose parsed url   slashes: null,
36 verbose parsed url   auth: null,
36 verbose parsed url   host: null,
36 verbose parsed url   port: null,
36 verbose parsed url   hostname: null,
36 verbose parsed url   hash: null,
36 verbose parsed url   search: null,
36 verbose parsed url   query: null,
36 verbose parsed url   pathname: 'express@^4.10.6',
36 verbose parsed url   path: 'express@^4.10.6',
36 verbose parsed url   href: 'express@^4.10.6' }
37 verbose cache add [ 'mysql@^2.5.4', null ]
38 verbose cache add name=undefined spec="mysql@^2.5.4" args=["mysql@^2.5.4",null]
39 verbose parsed url { protocol: null,
39 verbose parsed url   slashes: null,
39 verbose parsed url   auth: null,
39 verbose parsed url   host: null,
39 verbose parsed url   port: null,
39 verbose parsed url   hostname: null,
39 verbose parsed url   hash: null,
39 verbose parsed url   search: null,
39 verbose parsed url   query: null,
39 verbose parsed url   pathname: 'mysql@^2.5.4',
39 verbose parsed url   path: 'mysql@^2.5.4',
39 verbose parsed url   href: 'mysql@^2.5.4' }
40 verbose cache add [ 'bower@^1.3.3', null ]
41 verbose cache add name=undefined spec="bower@^1.3.3" args=["bower@^1.3.3",null]
42 verbose parsed url { protocol: null,
42 verbose parsed url   slashes: null,
42 verbose parsed url   auth: null,
42 verbose parsed url   host: null,
42 verbose parsed url   port: null,
42 verbose parsed url   hostname: null,
42 verbose parsed url   hash: null,
42 verbose parsed url   search: null,
42 verbose parsed url   query: null,
42 verbose parsed url   pathname: 'bower@^1.3.3',
42 verbose parsed url   path: 'bower@^1.3.3',
42 verbose parsed url   href: 'bower@^1.3.3' }
43 verbose cache add name="express" spec="^4.10.6" args=["express","^4.10.6"]
44 verbose parsed url { protocol: null,
44 verbose parsed url   slashes: null,
44 verbose parsed url   auth: null,
44 verbose parsed url   host: null,
44 verbose parsed url   port: null,
44 verbose parsed url   hostname: null,
44 verbose parsed url   hash: null,
44 verbose parsed url   search: null,
44 verbose parsed url   query: null,
44 verbose parsed url   pathname: '^4.10.6',
44 verbose parsed url   path: '^4.10.6',
44 verbose parsed url   href: '^4.10.6' }
45 verbose addNamed [ 'express', '^4.10.6' ]
46 verbose addNamed [ null, '>=4.10.6-0 <5.0.0-0' ]
47 silly lockFile 4ab15d0e-express-4-10-6 express@^4.10.6
48 verbose lock express@^4.10.6 /home/kristy/.npm/4ab15d0e-express-4-10-6.lock
49 verbose cache add name="mysql" spec="^2.5.4" args=["mysql","^2.5.4"]
50 verbose parsed url { protocol: null,
50 verbose parsed url   slashes: null,
50 verbose parsed url   auth: null,
50 verbose parsed url   host: null,
50 verbose parsed url   port: null,
50 verbose parsed url   hostname: null,
50 verbose parsed url   hash: null,
50 verbose parsed url   search: null,
50 verbose parsed url   query: null,
50 verbose parsed url   pathname: '^2.5.4',
50 verbose parsed url   path: '^2.5.4',
50 verbose parsed url   href: '^2.5.4' }
51 verbose addNamed [ 'mysql', '^2.5.4' ]
52 verbose addNamed [ null, '>=2.5.4-0 <3.0.0-0' ]
53 silly lockFile 8487008d-mysql-2-5-4 mysql@^2.5.4
54 verbose lock mysql@^2.5.4 /home/kristy/.npm/8487008d-mysql-2-5-4.lock
55 verbose cache add name="bower" spec="^1.3.3" args=["bower","^1.3.3"]
56 verbose parsed url { protocol: null,
56 verbose parsed url   slashes: null,
56 verbose parsed url   auth: null,
56 verbose parsed url   host: null,
56 verbose parsed url   port: null,
56 verbose parsed url   hostname: null,
56 verbose parsed url   hash: null,
56 verbose parsed url   search: null,
56 verbose parsed url   query: null,
56 verbose parsed url   pathname: '^1.3.3',
56 verbose parsed url   path: '^1.3.3',
56 verbose parsed url   href: '^1.3.3' }
57 verbose addNamed [ 'bower', '^1.3.3' ]
58 verbose addNamed [ null, '>=1.3.3-0 <2.0.0-0' ]
59 silly lockFile 0aa5c27e-bower-1-3-3 bower@^1.3.3
60 verbose lock bower@^1.3.3 /home/kristy/.npm/0aa5c27e-bower-1-3-3.lock
61 silly addNameRange { name: 'gulp-util',
61 silly addNameRange   range: '>=2.2.14-0 <3.0.0-0',
61 silly addNameRange   hasData: false }
62 silly addNameRange { name: 'shelljs', range: '>=0.3.0-0 <0.4.0-0', hasData: false }
63 silly addNameRange { name: 'express', range: '>=4.10.6-0 <5.0.0-0', hasData: false }
64 silly addNameRange { name: 'mysql', range: '>=2.5.4-0 <3.0.0-0', hasData: false }
65 silly addNameRange { name: 'bower', range: '>=1.3.3-0 <2.0.0-0', hasData: false }
66 verbose request where is /mysql
67 verbose request registry https://registry.npmjs.org/
68 verbose request id 9ed81fc1526afc73
69 verbose url raw /mysql
70 verbose url resolving [ 'https://registry.npmjs.org/', './mysql' ]
71 verbose url resolved https://registry.npmjs.org/mysql
72 verbose request where is https://registry.npmjs.org/mysql
73 info trying registry request attempt 1 at 23:41:48
74 http GET https://registry.npmjs.org/mysql
75 verbose request where is /gulp-util
76 verbose request registry https://registry.npmjs.org/
77 verbose url raw /gulp-util
78 verbose url resolving [ 'https://registry.npmjs.org/', './gulp-util' ]
79 verbose url resolved https://registry.npmjs.org/gulp-util
80 verbose request where is https://registry.npmjs.org/gulp-util
81 info trying registry request attempt 1 at 23:41:48
82 verbose etag "ARODXCVXPR2ERRK3SGIQ3130K"
83 http GET https://registry.npmjs.org/gulp-util
84 verbose request where is /shelljs
85 verbose request registry https://registry.npmjs.org/
86 verbose url raw /shelljs
87 verbose url resolving [ 'https://registry.npmjs.org/', './shelljs' ]
88 verbose url resolved https://registry.npmjs.org/shelljs
89 verbose request where is https://registry.npmjs.org/shelljs
90 info trying registry request attempt 1 at 23:41:49
91 verbose etag "EXRU5MN7SDMBGLHXTPRGRYZOJ"
92 http GET https://registry.npmjs.org/shelljs
93 verbose request where is /express
94 verbose request registry https://registry.npmjs.org/
95 verbose url raw /express
96 verbose url resolving [ 'https://registry.npmjs.org/', './express' ]
97 verbose url resolved https://registry.npmjs.org/express
98 verbose request where is https://registry.npmjs.org/express
99 info trying registry request attempt 1 at 23:41:49
100 verbose etag "9ADLOD6JN5C35VASYXF6Z2P1"
101 http GET https://registry.npmjs.org/express
102 verbose request where is /bower
103 verbose request registry https://registry.npmjs.org/
104 verbose url raw /bower
105 verbose url resolving [ 'https://registry.npmjs.org/', './bower' ]
106 verbose url resolved https://registry.npmjs.org/bower
107 verbose request where is https://registry.npmjs.org/bower
108 info trying registry request attempt 1 at 23:41:49
109 verbose etag "4DM3IIQ7DP6XIIVXU8MJ99VH0"
110 http GET https://registry.npmjs.org/bower
111 http 304 https://registry.npmjs.org/shelljs
112 silly registry.get cb [ 304,
112 silly registry.get   { date: 'Wed, 08 Apr 2015 15:41:50 GMT',
112 silly registry.get     server: 'Apache',
112 silly registry.get     via: '1.1 varnish',
112 silly registry.get     'last-modified': 'Wed, 08 Apr 2015 15:41:50 GMT',
112 silly registry.get     'cache-control': 'max-age=60',
112 silly registry.get     etag: '"EXRU5MN7SDMBGLHXTPRGRYZOJ"',
112 silly registry.get     age: '34',
112 silly registry.get     'x-served-by': 'cache-hkg6821-HKG',
112 silly registry.get     'x-cache': 'HIT',
112 silly registry.get     'x-cache-hits': '1',
112 silly registry.get     'x-timer': 'S1428507710.446066,VS0,VE0',
112 silly registry.get     vary: 'Accept',
112 silly registry.get     'content-length': '0',
112 silly registry.get     'keep-alive': 'timeout=10, max=50',
112 silly registry.get     connection: 'Keep-Alive' } ]
113 verbose etag https://registry.npmjs.org/shelljs from cache
114 silly addNameRange number 2 { name: 'shelljs', range: '>=0.3.0-0 <0.4.0-0', hasData: true }
115 silly addNameRange versions [ 'shelljs',
115 silly addNameRange   [ '0.0.1',
115 silly addNameRange     '0.0.2',
115 silly addNameRange     '0.0.3',
115 silly addNameRange     '0.0.4',
115 silly addNameRange     '0.0.5',
115 silly addNameRange     '0.0.6',
115 silly addNameRange     '0.0.7',
115 silly addNameRange     '0.0.8',
115 silly addNameRange     '0.0.9',
115 silly addNameRange     '0.1.0',
115 silly addNameRange     '0.1.1',
115 silly addNameRange     '0.1.2',
115 silly addNameRange     '0.1.3',
115 silly addNameRange     '0.1.4',
115 silly addNameRange     '0.2.0',
115 silly addNameRange     '0.2.1',
115 silly addNameRange     '0.2.2',
115 silly addNameRange     '0.2.3',
115 silly addNameRange     '0.2.4',
115 silly addNameRange     '0.2.5',
115 silly addNameRange     '0.2.6',
115 silly addNameRange     '0.3.0',
115 silly addNameRange     '0.4.0',
115 silly addNameRange     '0.0.1-alpha1',
115 silly addNameRange     '0.0.2-pre1',
115 silly addNameRange     '0.0.4-pre1',
115 silly addNameRange     '0.0.5-pre1',
115 silly addNameRange     '0.0.5-pre2',
115 silly addNameRange     '0.0.5-pre3',
115 silly addNameRange     '0.0.5-pre4',
115 silly addNameRange     '0.0.6-pre1',
115 silly addNameRange     '0.0.6-pre2' ] ]
116 verbose addNamed [ 'shelljs', '0.3.0' ]
117 verbose addNamed [ '0.3.0', '0.3.0' ]
118 silly lockFile 7d3918b1-shelljs-0-3-0 shelljs@0.3.0
119 verbose lock shelljs@0.3.0 /home/kristy/.npm/7d3918b1-shelljs-0-3-0.lock
120 silly lockFile 7d3918b1-shelljs-0-3-0 shelljs@0.3.0
121 silly lockFile 7d3918b1-shelljs-0-3-0 shelljs@0.3.0
122 silly lockFile 1ddaa962-shelljs-0-3-0 shelljs@^0.3.0
123 silly lockFile 1ddaa962-shelljs-0-3-0 shelljs@^0.3.0
124 http 304 https://registry.npmjs.org/gulp-util
125 silly registry.get cb [ 304,
125 silly registry.get   { date: 'Wed, 08 Apr 2015 15:41:50 GMT',
125 silly registry.get     server: 'Apache',
125 silly registry.get     via: '1.1 varnish',
125 silly registry.get     'last-modified': 'Wed, 08 Apr 2015 15:41:51 GMT',
125 silly registry.get     'cache-control': 'max-age=60',
125 silly registry.get     etag: '"ARODXCVXPR2ERRK3SGIQ3130K"',
125 silly registry.get     age: '0',
125 silly registry.get     'x-served-by': 'cache-hkg6821-HKG',
125 silly registry.get     'x-cache': 'HIT',
125 silly registry.get     'x-cache-hits': '1',
125 silly registry.get     'x-timer': 'S1428507710.440131,VS0,VE674',
125 silly registry.get     vary: 'Accept',
125 silly registry.get     'content-length': '0',
125 silly registry.get     'keep-alive': 'timeout=10, max=50',
125 silly registry.get     connection: 'Keep-Alive' } ]
126 verbose etag https://registry.npmjs.org/gulp-util from cache
127 silly addNameRange number 2 { name: 'gulp-util',
127 silly addNameRange   range: '>=2.2.14-0 <3.0.0-0',
127 silly addNameRange   hasData: true }
128 silly addNameRange versions [ 'gulp-util',
128 silly addNameRange   [ '0.0.1',
128 silly addNameRange     '1.0.0',
128 silly addNameRange     '1.1.0',
128 silly addNameRange     '1.1.1',
128 silly addNameRange     '1.2.0',
128 silly addNameRange     '1.3.0',
128 silly addNameRange     '2.0.0',
128 silly addNameRange     '2.1.1',
128 silly addNameRange     '2.1.2',
128 silly addNameRange     '2.1.3',
128 silly addNameRange     '2.1.4',
128 silly addNameRange     '2.2.0',
128 silly addNameRange     '2.2.1',
128 silly addNameRange     '2.2.2',
128 silly addNameRange     '2.2.3',
128 silly addNameRange     '2.2.5',
128 silly addNameRange     '2.2.6',
128 silly addNameRange     '2.2.7',
128 silly addNameRange     '2.2.8',
128 silly addNameRange     '2.2.9',
128 silly addNameRange     '2.2.10',
128 silly addNameRange     '2.2.11',
128 silly addNameRange     '2.2.12',
128 silly addNameRange     '2.2.13',
128 silly addNameRange     '2.2.14',
128 silly addNameRange     '2.2.15',
128 silly addNameRange     '2.2.16',
128 silly addNameRange     '2.2.17',
128 silly addNameRange     '2.2.18',
128 silly addNameRange     '2.2.19',
128 silly addNameRange     '2.2.20',
128 silly addNameRange     '3.0.0',
128 silly addNameRange     '3.0.1',
128 silly addNameRange     '3.0.2',
128 silly addNameRange     '3.0.3',
128 silly addNameRange     '3.0.4' ] ]
129 verbose addNamed [ 'gulp-util', '2.2.20' ]
130 verbose addNamed [ '2.2.20', '2.2.20' ]
131 silly lockFile 48c194cb-gulp-util-2-2-20 gulp-util@2.2.20
132 verbose lock gulp-util@2.2.20 /home/kristy/.npm/48c194cb-gulp-util-2-2-20.lock
133 silly lockFile 48c194cb-gulp-util-2-2-20 gulp-util@2.2.20
134 silly lockFile 48c194cb-gulp-util-2-2-20 gulp-util@2.2.20
135 silly lockFile e3e5f16b-gulp-util-2-2-14 gulp-util@^2.2.14
136 silly lockFile e3e5f16b-gulp-util-2-2-14 gulp-util@^2.2.14
137 http 200 https://registry.npmjs.org/bower
138 silly registry.get cb [ 200,
138 silly registry.get   { date: 'Wed, 08 Apr 2015 15:41:50 GMT',
138 silly registry.get     server: 'CouchDB/1.5.0 (Erlang OTP/R16B03)',
138 silly registry.get     etag: '"91PMAYPB09VCACCOUUW9J1OE2"',
138 silly registry.get     'content-type': 'application/json',
138 silly registry.get     'cache-control': 'max-age=60',
138 silly registry.get     'content-length': '111559',
138 silly registry.get     'accept-ranges': 'bytes',
138 silly registry.get     via: '1.1 varnish',
138 silly registry.get     age: '0',
138 silly registry.get     'x-served-by': 'cache-hkg6823-HKG',
138 silly registry.get     'x-cache': 'HIT',
138 silly registry.get     'x-cache-hits': '1',
138 silly registry.get     'x-timer': 'S1428507710.466819,VS0,VE159',
138 silly registry.get     vary: 'Accept',
138 silly registry.get     'keep-alive': 'timeout=10, max=50',
138 silly registry.get     connection: 'Keep-Alive' } ]
139 silly addNameRange number 2 { name: 'bower', range: '>=1.3.3-0 <2.0.0-0', hasData: true }
140 silly addNameRange versions [ 'bower',
140 silly addNameRange   [ '0.1.0',
140 silly addNameRange     '0.1.2',
140 silly addNameRange     '0.1.3',
140 silly addNameRange     '0.2.0',
140 silly addNameRange     '0.3.0',
140 silly addNameRange     '0.3.1',
140 silly addNameRange     '0.3.2',
140 silly addNameRange     '0.4.0',
140 silly addNameRange     '0.5.0',
140 silly addNameRange     '0.5.1',
140 silly addNameRange     '0.6.0',
140 silly addNameRange     '0.6.1',
140 silly addNameRange     '0.6.2',
140 silly addNameRange     '0.6.3',
140 silly addNameRange     '0.6.4',
140 silly addNameRange     '0.6.5',
140 silly addNameRange     '0.6.6',
140 silly addNameRange     '0.6.7',
140 silly addNameRange     '0.6.8',
140 silly addNameRange     '0.7.0',
140 silly addNameRange     '0.7.1',
140 silly addNameRange     '0.8.0',
140 silly addNameRange     '0.8.1',
140 silly addNameRange     '0.8.2',
140 silly addNameRange     '0.8.3',
140 silly addNameRange     '0.8.4',
140 silly addNameRange     '0.8.5',
140 silly addNameRange     '0.8.6',
140 silly addNameRange     '0.9.0',
140 silly addNameRange     '0.9.1',
140 silly addNameRange     '0.9.2',
140 silly addNameRange     '0.10.0',
140 silly addNameRange     '1.0.0',
140 silly addNameRange     '1.0.1',
140 silly addNameRange     '1.0.2',
140 silly addNameRange     '1.0.3',
140 silly addNameRange     '1.1.0',
140 silly addNameRange     '1.1.1',
140 silly addNameRange     '1.1.2',
140 silly addNameRange     '1.2.0',
140 silly addNameRange     '1.2.1',
140 silly addNameRange     '1.2.2',
140 silly addNameRange     '1.2.3',
140 silly addNameRange     '1.2.4',
140 silly addNameRange     '1.2.5',
140 silly addNameRange     '1.2.6',
140 silly addNameRange     '1.2.7',
140 silly addNameRange     '1.2.8',
140 silly addNameRange     '1.3.0',
140 silly addNameRange     '1.3.1',
140 silly addNameRange     '1.3.2',
140 silly addNameRange     '1.3.3',
140 silly addNameRange     '1.3.4',
140 silly addNameRange     '1.3.5',
140 silly addNameRange     '1.3.6',
140 silly addNameRange     '1.3.7',
140 silly addNameRange     '1.3.8',
140 silly addNameRange     '1.3.9',
140 silly addNameRange     '1.3.10',
140 silly addNameRange     '1.3.11',
140 silly addNameRange     '1.3.12',
140 silly addNameRange     '1.4.0',
140 silly addNameRange     '1.4.1' ] ]
141 verbose addNamed [ 'bower', '1.4.1' ]
142 verbose addNamed [ '1.4.1', '1.4.1' ]
143 silly lockFile 185f46c0-bower-1-4-1 bower@1.4.1
144 verbose lock bower@1.4.1 /home/kristy/.npm/185f46c0-bower-1-4-1.lock
145 silly lockFile 04dcb06b--npmjs-org-bower-bower-1-4-1-tgz https://registry.npmjs.org/bower/-/bower-1.4.1.tgz
146 verbose lock https://registry.npmjs.org/bower/-/bower-1.4.1.tgz /home/kristy/.npm/04dcb06b--npmjs-org-bower-bower-1-4-1-tgz.lock
147 verbose addRemoteTarball [ 'https://registry.npmjs.org/bower/-/bower-1.4.1.tgz',
147 verbose addRemoteTarball   'a18be39d030792754f30f1c5b32d37b0156ba8dd' ]
148 info retry fetch attempt 1 at 23:41:50
149 verbose fetch to= /tmp/npm-8690-stdCqESo/registry.npmjs.org/bower/-/bower-1.4.1.tgz
150 http GET https://registry.npmjs.org/bower/-/bower-1.4.1.tgz
151 http 200 https://registry.npmjs.org/express
152 silly registry.get cb [ 200,
152 silly registry.get   { date: 'Wed, 08 Apr 2015 15:41:50 GMT',
152 silly registry.get     server: 'CouchDB/1.5.0 (Erlang OTP/R16B03)',
152 silly registry.get     etag: '"17SOJMJBZN6ZDY6VZBV6B39JP"',
152 silly registry.get     'content-type': 'application/json',
152 silly registry.get     'cache-control': 'max-age=60',
152 silly registry.get     'content-length': '492067',
152 silly registry.get     'accept-ranges': 'bytes',
152 silly registry.get     via: '1.1 varnish',
152 silly registry.get     age: '51',
152 silly registry.get     'x-served-by': 'cache-hkg6824-HKG',
152 silly registry.get     'x-cache': 'HIT',
152 silly registry.get     'x-cache-hits': '1',
152 silly registry.get     'x-timer': 'S1428507710.544182,VS0,VE1',
152 silly registry.get     vary: 'Accept',
152 silly registry.get     'keep-alive': 'timeout=10, max=50',
152 silly registry.get     connection: 'Keep-Alive' } ]
153 silly addNameRange number 2 { name: 'express', range: '>=4.10.6-0 <5.0.0-0', hasData: true }
154 silly addNameRange versions [ 'express',
154 silly addNameRange   [ '0.14.0',
154 silly addNameRange     '0.14.1',
154 silly addNameRange     '1.0.0',
154 silly addNameRange     '1.0.1',
154 silly addNameRange     '1.0.2',
154 silly addNameRange     '1.0.3',
154 silly addNameRange     '1.0.4',
154 silly addNameRange     '1.0.5',
154 silly addNameRange     '1.0.6',
154 silly addNameRange     '1.0.7',
154 silly addNameRange     '1.0.8',
154 silly addNameRange     '2.0.0',
154 silly addNameRange     '2.1.0',
154 silly addNameRange     '2.1.1',
154 silly addNameRange     '2.2.0',
154 silly addNameRange     '2.2.1',
154 silly addNameRange     '2.2.2',
154 silly addNameRange     '2.3.0',
154 silly addNameRange     '2.3.1',
154 silly addNameRange     '2.3.2',
154 silly addNameRange     '2.3.3',
154 silly addNameRange     '2.3.4',
154 silly addNameRange     '2.3.5',
154 silly addNameRange     '2.3.6',
154 silly addNameRange     '2.3.7',
154 silly addNameRange     '2.3.8',
154 silly addNameRange     '2.3.9',
154 silly addNameRange     '2.3.10',
154 silly addNameRange     '2.3.11',
154 silly addNameRange     '2.3.12',
154 silly addNameRange     '2.4.0',
154 silly addNameRange     '2.4.1',
154 silly addNameRange     '2.4.2',
154 silly addNameRange     '2.4.3',
154 silly addNameRange     '2.4.4',
154 silly addNameRange     '2.4.5',
154 silly addNameRange     '2.4.6',
154 silly addNameRange     '2.4.7',
154 silly addNameRange     '2.5.0',
154 silly addNameRange     '2.5.1',
154 silly addNameRange     '2.5.2',
154 silly addNameRange     '2.5.3',
154 silly addNameRange     '2.5.4',
154 silly addNameRange     '2.5.5',
154 silly addNameRange     '2.5.6',
154 silly addNameRange     '2.5.7',
154 silly addNameRange     '2.5.8',
154 silly addNameRange     '2.5.9',
154 silly addNameRange     '2.5.10',
154 silly addNameRange     '2.5.11',
154 silly addNameRange     '3.0.0',
154 silly addNameRange     '3.0.1',
154 silly addNameRange     '3.0.2',
154 silly addNameRange     '3.0.3',
154 silly addNameRange     '3.0.4',
154 silly addNameRange     '3.0.5',
154 silly addNameRange     '3.0.6',
154 silly addNameRange     '3.1.0',
154 silly addNameRange     '3.1.1',
154 silly addNameRange     '3.1.2',
154 silly addNameRange     '3.2.0',
154 silly addNameRange     '3.2.1',
154 silly addNameRange     '3.2.2',
154 silly addNameRange     '3.2.3',
154 silly addNameRange     '3.2.4',
154 silly addNameRange     '3.2.5',
154 silly addNameRange     '3.2.6',
154 silly addNameRange     '3.3.0',
154 silly addNameRange     '3.3.1',
154 silly addNameRange     '3.3.2',
154 silly addNameRange     '3.3.3',
154 silly addNameRange     '3.3.4',
154 silly addNameRange     '3.3.5',
154 silly addNameRange     '3.3.6',
154 silly addNameRange     '1.0.0-beta',
154 silly addNameRange     '1.0.0-beta2',
154 silly addNameRange     '1.0.0-rc',
154 silly addNameRange     '1.0.0-rc2',
154 silly addNameRange     '1.0.0-rc3',
154 silly addNameRange     '1.0.0-rc4',
154 silly addNameRange     '2.0.0-beta',
154 silly addNameRange     '2.0.0-beta2',
154 silly addNameRange     '2.0.0-beta3',
154 silly addNameRange     '2.0.0-rc',
154 silly addNameRange     '2.0.0-rc2',
154 silly addNameRange     '2.0.0-rc3',
154 silly addNameRange     '3.0.0-alpha1',
154 silly addNameRange     '3.0.0-alpha2',
154 silly addNameRange     '3.0.0-alpha3',
154 silly addNameRange     '3.0.0-alpha4',
154 silly addNameRange     '3.0.0-alpha5',
154 silly addNameRange     '3.0.0-beta1',
154 silly addNameRange     '3.0.0-beta2',
154 silly addNameRange     '3.0.0-beta3',
154 silly addNameRange     '3.0.0-beta4',
154 silly addNameRange     '3.0.0-beta6',
154 silly addNameRange     '3.0.0-beta7',
154 silly addNameRange     '3.0.0-rc1',
154 silly addNameRange     '3.0.0-rc2',
154 silly addNameRange     '3.0.0-rc3',
154 silly addNameRange     '3.0.0-rc4',
154 silly addNameRange     '3.0.0-rc5',
154 silly addNameRange     '3.3.7',
154 silly addNameRange     '3.3.8',
154 silly addNameRange     '3.4.0',
154 silly addNameRange     '3.4.1',
154 silly addNameRange     '3.4.2',
154 silly addNameRange     '3.4.3',
154 silly addNameRange     '3.4.4',
154 silly addNameRange     '3.4.5',
154 silly addNameRange     '3.4.6',
154 silly addNameRange     '3.4.7',
154 silly addNameRange     '3.4.8',
154 silly addNameRange     '4.0.0-rc1',
154 silly addNameRange     '4.0.0-rc2',
154 silly addNameRange     '3.5.0',
154 silly addNameRange     '4.0.0-rc3',
154 silly addNameRange     '4.0.0-rc4',
154 silly addNameRange     '3.5.1',
154 silly addNameRange     '4.0.0',
154 silly addNameRange     '3.5.2',
154 silly addNameRange     '4.1.0',
154 silly addNameRange     '4.1.1',
154 silly addNameRange     '3.5.3',
154 silly addNameRange     '4.1.2',
154 silly addNameRange     '3.6.0',
154 silly addNameRange     '4.2.0',
154 silly addNameRange     '3.7.0',
154 silly addNameRange     '3.8.0',
154 silly addNameRange     '4.3.0',
154 silly addNameRange     '4.3.1',
154 silly addNameRange     '3.8.1',
154 silly addNameRange     '4.3.2',
154 silly addNameRange     '3.9.0',
154 silly addNameRange     '4.4.0',
154 silly addNameRange     '4.4.1',
154 silly addNameRange     '3.10.0',
154 silly addNameRange     '3.10.1',
154 silly addNameRange     '3.10.2',
154 silly addNameRange     '3.10.3',
154 silly addNameRange     '3.10.4',
154 silly addNameRange     '4.4.2',
154 silly addNameRange     '3.10.5',
154 silly addNameRange     '4.4.3',
154 silly addNameRange     '3.11.0',
154 silly addNameRange     '4.4.4',
154 silly addNameRange     '3.12.0',
154 silly addNameRange     '3.12.1',
154 silly addNameRange     '4.4.5',
154 silly addNameRange     '3.13.0',
154 silly addNameRange     '4.5.0',
154 silly addNameRange     '4.5.1',
154 silly addNameRange     '3.14.0',
154 silly addNameRange     '4.6.0',
154 silly addNameRange     '4.6.1',
154 silly addNameRange     '3.15.0',
154 silly addNameRange     '4.7.0',
154 silly addNameRange     '3.15.1',
154 silly addNameRange     '4.7.1',
154 silly addNameRange     '3.15.2',
154 silly addNameRange     '4.7.2',
154 silly addNameRange     '4.7.3',
154 silly addNameRange     '3.15.3',
154 silly addNameRange     '4.7.4',
154 silly addNameRange     '3.16.0',
154 silly addNameRange     '4.8.0',
154 silly addNameRange     '3.16.1',
154 silly addNameRange     '4.8.1',
154 silly addNameRange     '3.16.2',
154 silly addNameRange     '4.8.2',
154 silly addNameRange     '3.16.3',
154 silly addNameRange     '3.16.4',
154 silly addNameRange     '4.8.3',
154 silly addNameRange     '3.16.5',
154 silly addNameRange     '3.16.6',
154 silly addNameRange     '4.8.4',
154 silly addNameRange     '3.16.7',
154 silly addNameRange     '4.8.5',
154 silly addNameRange     '3.16.8',
154 silly addNameRange     '4.8.6',
154 silly addNameRange     '3.16.9',
154 silly addNameRange     '4.8.7',
154 silly addNameRange     '3.16.10',
154 silly addNameRange     '4.8.8',
154 silly addNameRange     '3.17.0',
154 silly addNameRange     '3.17.1',
154 silly addNameRange     '4.9.0',
154 silly addNameRange     '3.17.2',
154 silly addNameRange     '4.9.1',
154 silly addNameRange     '4.9.2',
154 silly addNameRange     '3.17.3',
154 silly addNameRange     '4.9.3',
154 silly addNameRange     '3.17.4',
154 silly addNameRange     '4.9.4',
154 silly addNameRange     '3.17.5',
154 silly addNameRange     '4.9.5',
154 silly addNameRange     '3.17.6',
154 silly addNameRange     '3.17.7',
154 silly addNameRange     '4.9.6',
154 silly addNameRange     '4.9.7',
154 silly addNameRange     '3.17.8',
154 silly addNameRange     '4.9.8',
154 silly addNameRange     '3.18.0',
154 silly addNameRange     '3.18.1',
154 silly addNameRange     '4.10.0',
154 silly addNameRange     '3.18.2',
154 silly addNameRange     '4.10.1',
154 silly addNameRange     '5.0.0-alpha.1',
154 silly addNameRange     '3.18.3',
154 silly addNameRange     '4.10.2',
154 silly addNameRange     '3.18.4',
154 silly addNameRange     '4.10.3',
154 silly addNameRange     '4.10.4',
154 silly addNameRange     '4.10.5',
154 silly addNameRange     '3.18.5',
154 silly addNameRange     '3.18.6',
154 silly addNameRange     '4.10.6',
154 silly addNameRange     '4.10.7',
154 silly addNameRange     '3.19.0',
154 silly addNameRange     '4.10.8',
154 silly addNameRange     '4.11.0',
154 silly addNameRange     '3.19.1',
154 silly addNameRange     '4.11.1',
154 silly addNameRange     '3.19.2',
154 silly addNameRange     '4.11.2',
154 silly addNameRange     '3.20.0',
154 silly addNameRange     '4.12.0',
154 silly addNameRange     '3.20.1',
154 silly addNameRange     '4.12.1',
154 silly addNameRange     '4.12.2',
154 silly addNameRange     '3.20.2',
154 silly addNameRange     '4.12.3' ] ]
155 verbose addNamed [ 'express', '4.12.3' ]
156 verbose addNamed [ '4.12.3', '4.12.3' ]
157 silly lockFile 0b3fc563-express-4-12-3 express@4.12.3
158 verbose lock express@4.12.3 /home/kristy/.npm/0b3fc563-express-4-12-3.lock
159 silly lockFile c3db49de-s-org-express-express-4-12-3-tgz https://registry.npmjs.org/express/-/express-4.12.3.tgz
160 verbose lock https://registry.npmjs.org/express/-/express-4.12.3.tgz /home/kristy/.npm/c3db49de-s-org-express-express-4-12-3-tgz.lock
161 verbose addRemoteTarball [ 'https://registry.npmjs.org/express/-/express-4.12.3.tgz',
161 verbose addRemoteTarball   '6b9d94aec5ae03270d86d390c277a8c5a5ad0ee2' ]
162 info retry fetch attempt 1 at 23:41:51
163 verbose fetch to= /tmp/npm-8690-stdCqESo/registry.npmjs.org/express/-/express-4.12.3.tgz
164 http GET https://registry.npmjs.org/express/-/express-4.12.3.tgz
165 http 200 https://registry.npmjs.org/bower/-/bower-1.4.1.tgz
166 http 200 https://registry.npmjs.org/express/-/express-4.12.3.tgz
167 http 200 https://registry.npmjs.org/mysql
168 silly registry.get cb [ 200,
168 silly registry.get   { date: 'Wed, 08 Apr 2015 15:41:51 GMT',
168 silly registry.get     server: 'CouchDB/1.5.0 (Erlang OTP/R16B03)',
168 silly registry.get     etag: '"2AFSZOS5GG552H4MGCT4OY7YL"',
168 silly registry.get     'content-type': 'application/json',
168 silly registry.get     'cache-control': 'max-age=60',
168 silly registry.get     'content-length': '107260',
168 silly registry.get     'accept-ranges': 'bytes',
168 silly registry.get     via: '1.1 varnish',
168 silly registry.get     age: '0',
168 silly registry.get     'x-served-by': 'cache-hkg6824-HKG',
168 silly registry.get     'x-cache': 'HIT',
168 silly registry.get     'x-cache-hits': '1',
168 silly registry.get     'x-timer': 'S1428507710.461938,VS0,VE1019',
168 silly registry.get     vary: 'Accept',
168 silly registry.get     'keep-alive': 'timeout=10, max=50',
168 silly registry.get     connection: 'Keep-Alive' } ]
169 silly addNameRange number 2 { name: 'mysql', range: '>=2.5.4-0 <3.0.0-0', hasData: true }
170 silly addNameRange versions [ 'mysql',
170 silly addNameRange   [ '0.1.0',
170 silly addNameRange     '0.2.0',
170 silly addNameRange     '0.3.0',
170 silly addNameRange     '0.4.0',
170 silly addNameRange     '0.5.0',
170 silly addNameRange     '0.6.0',
170 silly addNameRange     '0.7.0',
170 silly addNameRange     '0.8.0',
170 silly addNameRange     '0.9.0',
170 silly addNameRange     '0.9.1',
170 silly addNameRange     '0.9.2',
170 silly addNameRange     '0.9.3',
170 silly addNameRange     '0.9.4',
170 silly addNameRange     '0.9.5',
170 silly addNameRange     '0.9.6',
170 silly addNameRange     '2.0.0-alpha',
170 silly addNameRange     '2.0.0-alpha2',
170 silly addNameRange     '2.0.0-alpha3',
170 silly addNameRange     '2.0.0-alpha4',
170 silly addNameRange     '2.0.0-alpha5',
170 silly addNameRange     '2.0.0-alpha6',
170 silly addNameRange     '2.0.0-alpha7',
170 silly addNameRange     '2.0.0-alpha8',
170 silly addNameRange     '2.0.0-alpha9',
170 silly addNameRange     '2.0.0-rc1',
170 silly addNameRange     '2.0.0-rc2',
170 silly addNameRange     '2.0.0',
170 silly addNameRange     '2.0.1',
170 silly addNameRange     '2.1.0',
170 silly addNameRange     '2.1.1',
170 silly addNameRange     '2.2.0',
170 silly addNameRange     '2.3.0',
170 silly addNameRange     '2.3.1',
170 silly addNameRange     '2.3.2',
170 silly addNameRange     '2.4.0',
170 silly addNameRange     '2.4.1',
170 silly addNameRange     '2.4.2',
170 silly addNameRange     '2.4.3',
170 silly addNameRange     '2.5.0',
170 silly addNameRange     '2.5.1',
170 silly addNameRange     '2.5.2',
170 silly addNameRange     '2.5.3',
170 silly addNameRange     '2.5.4',
170 silly addNameRange     '2.5.5',
170 silly addNameRange     '2.6.0',
170 silly addNameRange     '2.6.1' ] ]
171 verbose addNamed [ 'mysql', '2.6.1' ]
172 verbose addNamed [ '2.6.1', '2.6.1' ]
173 silly lockFile a5f87f60-mysql-2-6-1 mysql@2.6.1
174 verbose lock mysql@2.6.1 /home/kristy/.npm/a5f87f60-mysql-2-6-1.lock
175 silly lockFile 0d3dd319--npmjs-org-mysql-mysql-2-6-1-tgz https://registry.npmjs.org/mysql/-/mysql-2.6.1.tgz
176 verbose lock https://registry.npmjs.org/mysql/-/mysql-2.6.1.tgz /home/kristy/.npm/0d3dd319--npmjs-org-mysql-mysql-2-6-1-tgz.lock
177 verbose addRemoteTarball [ 'https://registry.npmjs.org/mysql/-/mysql-2.6.1.tgz',
177 verbose addRemoteTarball   '71bf1fb20550cf2940b831664df33f3637b5504d' ]
178 info retry fetch attempt 1 at 23:41:52
179 verbose fetch to= /tmp/npm-8690-stdCqESo/registry.npmjs.org/mysql/-/mysql-2.6.1.tgz
180 http GET https://registry.npmjs.org/mysql/-/mysql-2.6.1.tgz
181 silly lockFile c3db49de-s-org-express-express-4-12-3-tgz https://registry.npmjs.org/express/-/express-4.12.3.tgz
182 silly lockFile c3db49de-s-org-express-express-4-12-3-tgz https://registry.npmjs.org/express/-/express-4.12.3.tgz
183 silly lockFile 0b3fc563-express-4-12-3 express@4.12.3
184 silly lockFile 0b3fc563-express-4-12-3 express@4.12.3
185 silly lockFile 4ab15d0e-express-4-10-6 express@^4.10.6
186 silly lockFile 4ab15d0e-express-4-10-6 express@^4.10.6
187 http 200 https://registry.npmjs.org/mysql/-/mysql-2.6.1.tgz
188 silly lockFile 04dcb06b--npmjs-org-bower-bower-1-4-1-tgz https://registry.npmjs.org/bower/-/bower-1.4.1.tgz
189 silly lockFile 04dcb06b--npmjs-org-bower-bower-1-4-1-tgz https://registry.npmjs.org/bower/-/bower-1.4.1.tgz
190 silly lockFile 185f46c0-bower-1-4-1 bower@1.4.1
191 silly lockFile 185f46c0-bower-1-4-1 bower@1.4.1
192 silly lockFile 0aa5c27e-bower-1-3-3 bower@^1.3.3
193 silly lockFile 0aa5c27e-bower-1-3-3 bower@^1.3.3
194 silly lockFile 0d3dd319--npmjs-org-mysql-mysql-2-6-1-tgz https://registry.npmjs.org/mysql/-/mysql-2.6.1.tgz
195 silly lockFile 0d3dd319--npmjs-org-mysql-mysql-2-6-1-tgz https://registry.npmjs.org/mysql/-/mysql-2.6.1.tgz
196 silly lockFile a5f87f60-mysql-2-6-1 mysql@2.6.1
197 silly lockFile a5f87f60-mysql-2-6-1 mysql@2.6.1
198 silly lockFile 8487008d-mysql-2-5-4 mysql@^2.5.4
199 silly lockFile 8487008d-mysql-2-5-4 mysql@^2.5.4
200 error Error: EACCES, mkdir '/home/kristy/.npm/bower/1.4.1'
200 error  { [Error: EACCES, mkdir '/home/kristy/.npm/bower/1.4.1']
200 error   errno: 3,
200 error   code: 'EACCES',
200 error   path: '/home/kristy/.npm/bower/1.4.1',
200 error   parent: 'gigsterdesign' }
201 error Please try running this command again as root/Administrator.
202 error System Linux 3.13.0-48-generic
203 error command "/usr/bin/node" "/usr/bin/npm" "install"
204 error cwd /home/kristy/Documents/FT/gigstergo-mobile
205 error node -v v0.10.37
206 error npm -v 1.4.28
207 error path /home/kristy/.npm/bower/1.4.1
208 error code EACCES
209 error errno 3
210 error stack Error: EACCES, mkdir '/home/kristy/.npm/bower/1.4.1'
211 verbose exit [ 3, true ]
